<?xml version="1.0" encoding="UTF-8"?>
<!-- Generated by org.testng.reporters.JUnitXMLReporter -->
<testsuite ignored="1" hostname="Buis-MacBook-Pro.local" failures="0" tests="2" name="Test" time="0.08" errors="0" timestamp="2019-09-05T11:20:51 GMT-07:00">
  <testcase classname="test.Day2" name="Tc2" time="0.014"/>
  <testcase classname="test.Day1" name="Demo" time="0.005"/>
  <testcase classname="test.Day2" name="TC3" time="0.0">
    <ignored/>
  </testcase> <!-- TC3 -->
</testsuite> <!-- Test -->
